Determining if the pthread_create exist failed with the following output:
Change Dir: /home/kratnarajah/own/build/CMakeFiles/CMakeTmp

Run Build Command:/usr/bin/make "cmTryCompileExec3798272058/fast"
/usr/bin/make -f CMakeFiles/cmTryCompileExec3798272058.dir/build.make CMakeFiles/cmTryCompileExec3798272058.dir/build
make[1]: Entering directory `/home/kratnarajah/own/build/CMakeFiles/CMakeTmp'
/usr/bin/cmake -E cmake_progress_report /home/kratnarajah/own/build/CMakeFiles/CMakeTmp/CMakeFiles 1
Building C object CMakeFiles/cmTryCompileExec3798272058.dir/CheckSymbolExists.c.o
/usr/bin/cc    -o CMakeFiles/cmTryCompileExec3798272058.dir/CheckSymbolExists.c.o   -c /home/kratnarajah/own/build/CMakeFiles/CMakeTmp/CheckSymbolExists.c
Linking C executable cmTryCompileExec3798272058
/usr/bin/cmake -E cmake_link_script CMakeFiles/cmTryCompileExec3798272058.dir/link.txt --verbose=1
/usr/bin/cc       CMakeFiles/cmTryCompileExec3798272058.dir/CheckSymbolExists.c.o  -o cmTryCompileExec3798272058 -rdynamic 
CMakeFiles/cmTryCompileExec3798272058.dir/CheckSymbolExists.c.o: In function `main':
CheckSymbolExists.c:(.text+0x16): undefined reference to `pthread_create'
collect2: error: ld returned 1 exit status
make[1]: *** [cmTryCompileExec3798272058] Error 1
make[1]: Leaving directory `/home/kratnarajah/own/build/CMakeFiles/CMakeTmp'
make: *** [cmTryCompileExec3798272058/fast] Error 2

File /home/kratnarajah/own/build/CMakeFiles/CMakeTmp/CheckSymbolExists.c:
/* */
#include <pthread.h>

int main(int argc, char** argv)
{
  (void)argv;
#ifndef pthread_create
  return ((int*)(&pthread_create))[argc];
#else
  (void)argc;
  return 0;
#endif
}

Determining if the function pthread_create exists in the pthreads failed with the following output:
Change Dir: /home/kratnarajah/own/build/CMakeFiles/CMakeTmp

Run Build Command:/usr/bin/make "cmTryCompileExec3888483601/fast"
/usr/bin/make -f CMakeFiles/cmTryCompileExec3888483601.dir/build.make CMakeFiles/cmTryCompileExec3888483601.dir/build
make[1]: Entering directory `/home/kratnarajah/own/build/CMakeFiles/CMakeTmp'
/usr/bin/cmake -E cmake_progress_report /home/kratnarajah/own/build/CMakeFiles/CMakeTmp/CMakeFiles 1
Building C object CMakeFiles/cmTryCompileExec3888483601.dir/CheckFunctionExists.c.o
/usr/bin/cc   -DCHECK_FUNCTION_EXISTS=pthread_create   -o CMakeFiles/cmTryCompileExec3888483601.dir/CheckFunctionExists.c.o   -c /usr/share/cmake-2.8/Modules/CheckFunctionExists.c
Linking C executable cmTryCompileExec3888483601
/usr/bin/cmake -E cmake_link_script CMakeFiles/cmTryCompileExec3888483601.dir/link.txt --verbose=1
/usr/bin/cc   -DCHECK_FUNCTION_EXISTS=pthread_create    CMakeFiles/cmTryCompileExec3888483601.dir/CheckFunctionExists.c.o  -o cmTryCompileExec3888483601 -rdynamic -lpthreads 
/usr/bin/ld: cannot find -lpthreads
collect2: error: ld returned 1 exit status
make[1]: *** [cmTryCompileExec3888483601] Error 1
make[1]: Leaving directory `/home/kratnarajah/own/build/CMakeFiles/CMakeTmp'
make: *** [cmTryCompileExec3888483601/fast] Error 2


